<?xml version="1.0" encoding="UTF-8"?>
<!-- Generated by org.testng.reporters.JUnitReportReporter -->
<testsuite hostname="Indu" failures="0" tests="1" name="pageobjectmodel.LoginTest" time="13.161" errors="0" timestamp="2024-07-28T13:03:23 IST" skipped="0">
  <testcase classname="pageobjectmodel.LoginTest" name="testLogin" time="13.161"/>
</testsuite> <!-- pageobjectmodel.LoginTest -->
