<?xml version="1.0" encoding="UTF-8"?>
<!-- Generated by org.testng.reporters.JUnitReportReporter -->
<testsuite hostname="Indu" failures="0" tests="1" name="assignmentsQA.SampleTestNG" time="0.020" errors="0" timestamp="2024-06-08T21:25:44 IST" skipped="0">
  <testcase classname="assignmentsQA.SampleTestNG" name="Demo" time="0.020"/>
</testsuite> <!-- assignmentsQA.SampleTestNG -->
